Export time: 2023/10/12 12:41:14 KST
Export duration: 23.197s

Export settings:
	Export Geometry: Models with Shape Fallback
	Output Path: C:\Users\user\Desktop\»õ Æú´õ (2)
	Simplify Terrain Meshes: true
	Terrain Layers: Export all selected terrain layers
	Terrain Mesh Resolution: [ -1, -1 ]
	applicationName: CityEngine
	applicationString: CityEngine 2023.0.8905 0504R
	applicationVendor: Esri R&D Center Zurich Inc.
	applicationVersion: 2023.0.8905 05041641
	atlasAddWrapBorder: true
	author: user
	baseName: new_scene1
	collectTextures: true
	createShapeGroups: false
	createTextureAtlases: false
	embedTextures: false
	encoderID: com.esri.prt.codecs.FBXEncoder
	encoderName: Autodesk FBX
	errorFallback: true
	existingFiles: OVERWRITE
	facesWithHoles: TRIANGULATE_FACES_WITH_HOLES
	fileGranularity: MEMORY_BUDGET
	fileType: BINARY
	globalOffset: [ 0.0, 0.0, 0.0 ]
	includeMaterials: true
	localOffset: NONE
	maxAtlasDim: 11
	memoryBudget: 500
	mergeNormals: true
	mergeTexcoords: true
	mergeVertices: true
	meshGranularity: INSTANCED
	normalPrecision: 0.001
	normalsIndexing: INDEXED
	outputPath: 
	sceneFile: /CityEngine_Tour/scenes/new_scene1.cej
	script: 
	shapeNameDelimiter: _
	tempPath: 
	texcoordPrecision: 1.0E-4
	textureCoordinates: ALL
	triangulateMeshes: false
	vertexNormals: PASS
	vertexPrecision: 0.001
	writeLog: true

Initial shapes:
	 0 :   OK                'Shape'             OID '00cc0644-1e3a-11b2-9e9d-00b0e9ccec52:0'
	 1 :   OK                'Shape'             OID '00cc0644-1e3a-11b2-9e9d-00b0e9ccec52:1'
	 2 :   OK                'Shape'             OID '00cc0644-1e3a-11b2-9e9d-00b0e9ccec52:2'
	 3 :   OK                'Shape'             OID '00cc0644-1e3a-11b2-9e9d-00b0e9ccec52:3'
	 4 :   OK                'Shape'             OID '00d79414-1e3a-11b2-9e9d-00b0e9ccec52:0'
	 5 :   OK                'Shape'             OID '00d79414-1e3a-11b2-9e9d-00b0e9ccec52:1'
	 6 :   OK                'Shape'             OID '00d79414-1e3a-11b2-9e9d-00b0e9ccec52:2'
	 7 :   OK                'Shape'             OID '30f8d7b8-1efb-11b2-9e9d-00b0e9ccec52:0'
	 8 :   OK                'Shape'             OID '30f8d7b8-1efb-11b2-9e9d-00b0e9ccec52:1'
	 9 :   OK                'Shape'             OID '30f8d7b8-1efb-11b2-9e9d-00b0e9ccec52:2'
	10 :   OK                'Shape'             OID 'a97481f8-1f03-11b2-9e9d-00b0e9ccec52:0'
	11 :   OK                'Shape'             OID 'a97481f8-1f03-11b2-9e9d-00b0e9ccec52:1'
	12 :   OK                'Shape'             OID 'a97481f8-1f03-11b2-9e9d-00b0e9ccec52:2'
	13 :   OK                'Shape'             OID 'a97481f8-1f03-11b2-9e9d-00b0e9ccec52:3'
	14 :   OK                'Shape'             OID 'a9763584-1f03-11b2-9e9d-00b0e9ccec52:0'
	15 :   OK                'Shape'             OID 'a9763584-1f03-11b2-9e9d-00b0e9ccec52:1'
	16 :   OK                'Shape'             OID 'a9763584-1f03-11b2-9e9d-00b0e9ccec52:2'
	17 :   OK                'Shape'             OID '3e3ead94-1f05-11b2-9e9d-00b0e9ccec52:0'
	18 :   OK                'Shape'             OID '3e3ead94-1f05-11b2-9e9d-00b0e9ccec52:1'
	19 :   OK                'Shape'             OID '3e3ead94-1f05-11b2-9e9d-00b0e9ccec52:2'
	20 :   OK                'Shape'             OID 'd690ddb8-1f07-11b2-9e9d-00b0e9ccec52:0'
	21 :   OK                'Shape'             OID 'd690ddb8-1f07-11b2-9e9d-00b0e9ccec52:1'
	22 :   OK                'Shape'             OID 'd690ddb8-1f07-11b2-9e9d-00b0e9ccec52:2'

Assets with errors/warnings/infos:
	/ESRI.lib/assets/Webstyles/Transportation/Ford_Fiesta.glb:
		Warning: Geometry 'file:/C:/Users/user/Documents/CityEngine/Default%20Workspace/ESRI.lib/assets/Webstyles/Transportation/Ford_Fiesta.glb (mesh: Ford_Fiesta__LOD4)' contained: 6 0-length edges (removed); ; Geometry 'file:/C:/Users/user/Documents/CityEngine/Default%20Workspace/ESRI.lib/assets/Webstyles/Transportation/Ford_Fiesta.glb' contained (0/18/108) unreferenced vertices/vertex normals/texture coordinates, they were removed.; 


Files created:
	'new_scene1_0.fbx':
		Initial shapes:
			0, 1, 2, 3, 4, 5, 6, 7, 8, 9, 10, 11, 12, 13, 14, 15, 16, 17, 18, 19, 20, 21, 22, 
		GEOMETRY:
			Total Meshes: 40
			Total Polygons: 53392
			   | Name                                   | Instance Occurrences | Material                    | Polygons 
			===+========================================+======================+=============================+==========
			 1  'Toyota_Prius__LOD4'                                         3  'car_mat(3),'                      4718 
			 2  'Toyota_Prius__LOD4_1'                                       3  'car_1_mat(3),'                      72 
			 3  'Police_Car__LOD4'                                           3  'car_2_mat(3),'                      68 
			 4  'Police_Car__LOD4_1'                                         3  'car_3_mat(3),'                    4792 
			 5  'Ford_Fiesta__LOD4'                                          3  'car_4_mat(3),'                      98 
			 6  'Ford_Fiesta__LOD4_1'                                        3  'car_5_mat(3),'                    4637 
			 7  'Overhanging_Street_Light_Off__LOD2'                        28  'Street_Lamp_mat(28),'              184 
			 8  'American_Chestnut__Realistic_LOD3'                         23  'Planting_mat(23),'                3444 
			 9  'Japanese_Angelica_Tree__Realistic_LOD3'                    33  'Planting_1_mat(33),'              2602 
			10  'Bus_Stop_2__LOD3'                                           5  'Bus Stop_mat(5),'                  334 
			11  'Mesh1_Model_1'                                              5  'Wayfinder_mat(5),'                   2 
			12  'Mesh1_Model_2'                                              5  'Wayfinder_1_mat(5),'                 2 
			13  'Mesh1_Model_3'                                              5  'Wayfinder_2_mat(5),'                 6 
			14  'Mesh1_Model_4'                                              5  'Wayfinder_3_mat(5),'                17 
			15  'Mesh1_Model_5'                                              5  'Wayfinder_4_mat(5),'                 2 
			16  'Mesh1_Model_6'                                              5  'Wayfinder_5_mat(5),'                 4 
			17  'Park_Bench_2__LOD3'                                        21  'Bench_mat(21),'                    314 
			18  'BMW_3Series__LOD4'                                          2  'car_6_mat(2),'                    4833 
			19  'BMW_3Series__LOD4_1'                                        2  'car_7_mat(2),'                      76 
			20  'Ford_F150__LOD4'                                            2  'car_8_mat(2),'                      18 
			21  'Ford_F150__LOD4_1'                                          2  'car_9_mat(2),'                    4977 
			22  'Ford_F150__LOD4_2'                                          2  'car_10_mat(2),'                      1 
			23  'Porsche_Carrera__LOD4'                                      1  'car_11_mat(1),'                   4761 
			24  'Porsche_Carrera__LOD4_1'                                    1  'car_12_mat(1),'                     96 
			25  'Ford_Mustang__LOD4'                                         2  'car_13_mat(2),'                   4820 
			26  'Ford_Mustang__LOD4_1'                                       2  'car_14_mat(2),'                     38 
			27  'Ford_Fusion__LOD4'                                          2  'car_15_mat(2),'                   4957 
			28  'Ford_Fusion__LOD4_1'                                        2  'car_16_mat(2),'                     28 
			29  'Audi_A6__LOD4'                                              1  'car_17_mat(1),'                   4672 
			30  'Audi_A6__LOD4_1'                                            1  'car_18_mat(1),'                     88 
			31  'mesh_Road_Bed_Sidewalk'                                     1  'Road_Bed_Sidewalk_3_mat(1),'       372 
			32  'mesh_Road_Bed_Crossing'                                     1  'Road_Bed_Crossing_mat(1),'           4 
			33  'mesh_Road_Bed_Sidewalk_1'                                   1  'Road_Bed_Sidewalk_1_mat(1),'        54 
			34  'mesh_Road_Bed_Sidewalk_2'                                   1  'Road_Bed_Sidewalk_mat(1),'          54 
			35  'mesh_Road_Bed_Sidewalk_3'                                   1  'Road_Bed_Sidewalk_4_mat(1),'         5 
			36  'mesh_Road_Bed_white'                                        1  'Road_Bed_white_mat(1),'            346 
			37  'mesh_Road_Bed'                                              1  'Road_Bed_mat(1),'                  454 
			38  'mesh_Road_Bed_Sidewalk_4'                                   1  'Road_Bed_Sidewalk_2_mat(1),'      1378 
			39  'mesh_Planting_Area'                                         1  'Planting_Area_mat(1),'              56 
			40  'mesh_Road_Bed_yellow'                                       1  'Road_Bed_yellow_mat(1),'             8 
		MATERIAL:
			Total Materials: 40
			   | Name                    | Texture_0                            | Texture_1                
			===+=========================+======================================+==========================
			 1  'car_mat'                 'Toyota_Prius_0.jpg'                   ''                        
			 2  'car_1_mat'               'Toyota_Prius_1.png'                   'Toyota_Prius_1.png'      
			 3  'car_2_mat'               'Toyota_Prius_1.png'                   'Toyota_Prius_1.png'      
			 4  'car_3_mat'               'Police_1.jpg'                         ''                        
			 5  'car_4_mat'               'Ford_Fiesta_0.png'                    'Ford_Fiesta_0.png'       
			 6  'car_5_mat'               'Ford_Fiesta_1.jpg'                    ''                        
			 7  'Street_Lamp_mat'         'Overhanging_Street_-_Light_off_0.jpg' ''                        
			 8  'Planting_mat'            'CastaneaDentata_0.png'                'CastaneaDentata_0.png'   
			 9  'Planting_1_mat'          'AraliaElata_0.png'                    'AraliaElata_0.png'       
			10  'Bus Stop_mat'            'Bus_Stop_2_0.png'                     'Bus_Stop_2_0.png'        
			11  'Wayfinder_mat'           '_3.png'                               '_3.png'                  
			12  'Wayfinder_1_mat'         '_4.png'                               '_4.png'                  
			13  'Wayfinder_2_mat'         '_5.jpg'                               ''                        
			14  'Wayfinder_3_mat'         'oMaterial7.jpg'                       ''                        
			15  'Wayfinder_4_mat'         '_10.jpg'                              ''                        
			16  'Wayfinder_5_mat'         '_6.jpg'                               ''                        
			17  'Bench_mat'               'Park_Bench_2_0.jpg'                   ''                        
			18  'car_6_mat'               'BMW_3-Series_0.jpg'                   ''                        
			19  'car_7_mat'               'Toyota_Prius_1.png'                   'Toyota_Prius_1.png'      
			20  'car_8_mat'               'Toyota_Prius_1.png'                   'Toyota_Prius_1.png'      
			21  'car_9_mat'               'Ford_F-150_1.jpg'                     ''                        
			22  'car_10_mat'              ''                                     ''                        
			23  'car_11_mat'              'Porsche_Carrera_0.jpg'                ''                        
			24  'car_12_mat'              'Toyota_Prius_1.png'                   'Toyota_Prius_1.png'      
			25  'car_13_mat'              'Ford_Mustang_0.jpg'                   ''                        
			26  'car_14_mat'              'Toyota_Prius_1.png'                   'Toyota_Prius_1.png'      
			27  'car_15_mat'              'Ford_Fusion_0.jpg'                    ''                        
			28  'car_16_mat'              'Toyota_Prius_1.png'                   'Toyota_Prius_1.png'      
			29  'car_17_mat'              'Audi_A6_0.jpg'                        ''                        
			30  'car_18_mat'              'Toyota_Prius_1.png'                   'Toyota_Prius_1.png'      
			31  'Road_Bed_Sidewalk_3_mat' 'Brick Red No Mortar Running Bond.jpg' ''                        
			32  'Road_Bed_Crossing_mat'   'Asphalt003_2K_Color.jpg'              'Asphalt003_2K_Normal.jpg'
			33  'Road_Bed_Sidewalk_1_mat' ''                                     ''                        
			34  'Road_Bed_Sidewalk_mat'   ''                                     ''                        
			35  'Road_Bed_Sidewalk_4_mat' 'Brick Red No Mortar Running Bond.jpg' ''                        
			36  'Road_Bed_white_mat'      'Asphalt003_2K_white_Color.jpg'        'Asphalt003_2K_Normal.jpg'
			37  'Road_Bed_mat'            'Asphalt003_2K_Color.jpg'              'Asphalt003_2K_Normal.jpg'
			38  'Road_Bed_Sidewalk_2_mat' 'curbs_2m.jpg'                         ''                        
			39  'Planting_Area_mat'       'Standard Grass.jpg'                   ''                        
			40  'Road_Bed_yellow_mat'     'Asphalt003_2K_yellow_Color.jpg'       'Asphalt003_2K_Normal.jpg'